<?xml version="1.0" encoding="UTF-8"?>
<!-- Generated by org.testng.reporters.JUnitReportReporter -->
<testsuite hostname="EPINHYDW0D30" failures="1" tests="23" name="TestAutomation.TestNG.TestCatalogue" time="0.021" errors="0" timestamp="2022-02-10T21:00:49 IST" skipped="1">
  <testcase classname="TestAutomation.TestNG.TestCatalogue" name="testCatalogueAddBooks" time="0.001"/>
  <system-out/>
  <testcase classname="TestAutomation.TestNG.TestCatalogue" name="testCatalogueAddBooks" time="0.001"/>
  <system-out/>
  <testcase classname="TestAutomation.TestNG.TestCatalogue" name="testCatalogueRemoveNonExistingBook" time="0.001"/>
  <system-out/>
  <testcase classname="TestAutomation.TestNG.TestCatalogue" name="testCatalogueAddBooks" time="0.001"/>
  <system-out/>
  <testcase classname="TestAutomation.TestNG.TestCatalogue" name="testCatalogueAddBooks" time="0.001"/>
  <system-out/>
  <testcase classname="TestAutomation.TestNG.TestCatalogue" name="testCatalogueRemoveBook" time="0.000"/>
  <system-out/>
  <testcase classname="TestAutomation.TestNG.TestCatalogue" name="testCatalogueAddBooks" time="0.000"/>
  <system-out/>
  <testcase classname="TestAutomation.TestNG.TestCatalogue" name="testCatalogueSearchByAuthorname" time="0.001"/>
  <system-out/>
  <testcase classname="TestAutomation.TestNG.TestCatalogue" name="testCatalogueAddBooks" time="0.000"/>
  <system-out/>
  <testcase classname="TestAutomation.TestNG.TestCatalogue" name="testCatalogueAddBooks" time="0.001"/>
  <system-out/>
  <testcase classname="TestAutomation.TestNG.TestCatalogue" name="testCatalogueSearchByBookNamewhichDoesNotExist" time="0.001"/>
  <system-out/>
  <testcase classname="TestAutomation.TestNG.TestCatalogue" name="testCatalogueAddBooks" time="0.000"/>
  <system-out/>
  <testcase classname="TestAutomation.TestNG.TestCatalogue" name="testAddToLibraryWithUnsupportedObject" time="0.004"/>
  <system-out/>
  <testcase classname="TestAutomation.TestNG.TestCatalogue" name="testCatalogueSearchByBookName" time="0.001"/>
  <system-out/>
  <testcase classname="TestAutomation.TestNG.TestCatalogue" name="testARemoveNewlyAddedBook" time="0.001"/>
  <system-out/>
  <testcase classname="TestAutomation.TestNG.TestCatalogue" name="testCatalogueSearchByBookNamePara" time="0.001">
    <failure message="expected object to not be null" type="java.lang.AssertionError">
      <![CDATA[java.lang.AssertionError: expected object to not be null
at org.testng.Assert.fail(Assert.java:110)
at org.testng.Assert.assertNotNull(Assert.java:1319)
at org.testng.Assert.assertNotNull(Assert.java:1303)
at TestAutomation.TestNG.TestCatalogue.testCatalogueSearchByBookNamePara(TestCatalogue.java:202)
at java.base/jdk.internal.reflect.NativeMethodAccessorImpl.invoke0(Native Method)
at java.base/jdk.internal.reflect.NativeMethodAccessorImpl.invoke(NativeMethodAccessorImpl.java:77)
at java.base/jdk.internal.reflect.DelegatingMethodAccessorImpl.invoke(DelegatingMethodAccessorImpl.java:43)
at java.base/java.lang.reflect.Method.invoke(Method.java:568)
at org.testng.internal.invokers.MethodInvocationHelper.invokeMethod(MethodInvocationHelper.java:135)
at org.testng.internal.invokers.TestInvoker.invokeMethod(TestInvoker.java:673)
at org.testng.internal.invokers.TestInvoker.invokeTestMethod(TestInvoker.java:220)
at org.testng.internal.invokers.MethodRunner.runInSequence(MethodRunner.java:50)
at org.testng.internal.invokers.TestInvoker$MethodInvocationAgent.invoke(TestInvoker.java:945)
at org.testng.internal.invokers.TestInvoker.invokeTestMethods(TestInvoker.java:193)
at org.testng.internal.invokers.TestMethodWorker.invokeTestMethods(TestMethodWorker.java:146)
at org.testng.internal.invokers.TestMethodWorker.run(TestMethodWorker.java:128)
at java.base/java.util.ArrayList.forEach(ArrayList.java:1511)
at org.testng.TestRunner.privateRun(TestRunner.java:808)
at org.testng.TestRunner.run(TestRunner.java:603)
at org.testng.SuiteRunner.runTest(SuiteRunner.java:429)
at org.testng.SuiteRunner.runSequentially(SuiteRunner.java:423)
at org.testng.SuiteRunner.privateRun(SuiteRunner.java:383)
at org.testng.SuiteRunner.run(SuiteRunner.java:326)
at org.testng.SuiteRunnerWorker.runSuite(SuiteRunnerWorker.java:52)
at org.testng.SuiteRunnerWorker.run(SuiteRunnerWorker.java:95)
at org.testng.TestNG.runSuitesSequentially(TestNG.java:1249)
at org.testng.TestNG.runSuitesLocally(TestNG.java:1169)
at org.testng.TestNG.runSuites(TestNG.java:1092)
at org.testng.TestNG.run(TestNG.java:1060)
at org.testng.remote.AbstractRemoteTestNG.run(AbstractRemoteTestNG.java:115)
at org.testng.remote.RemoteTestNG.initAndRun(RemoteTestNG.java:251)
at org.testng.remote.RemoteTestNG.main(RemoteTestNG.java:77)
]]>
    </failure>
  </testcase> <!-- testCatalogueSearchByBookNamePara -->
  <system-out/>
  <testcase classname="TestAutomation.TestNG.TestCatalogue" name="testCatalogueAddBooks" time="0.001"/>
  <system-out/>
  <testcase classname="TestAutomation.TestNG.TestCatalogue" name="testARemoveNewlyAddedBook2" time="0.000">
    <skipped/>
  </testcase> <!-- testARemoveNewlyAddedBook2 -->
  <system-out/>
  <testcase classname="TestAutomation.TestNG.TestCatalogue" name="testCatalogueAddBooks" time="0.001"/>
  <system-out/>
  <testcase classname="TestAutomation.TestNG.TestCatalogue" name="testAddToLibraryWithSupportedObject" time="0.001"/>
  <system-out/>
  <testcase classname="TestAutomation.TestNG.TestCatalogue" name="testCatalogueAddBook" time="0.002"/>
  <system-out/>
  <testcase classname="TestAutomation.TestNG.TestCatalogue" name="testCatalogueAddBooks" time="0.001"/>
  <system-out/>
  <testcase classname="TestAutomation.TestNG.TestCatalogue" name="testCatalogueSearchByAuthornameWhchDoesNotExist" time="0.000"/>
  <system-out/>
</testsuite> <!-- TestAutomation.TestNG.TestCatalogue -->
