<?xml version="1.0" encoding="UTF-8"?>
<!-- Generated by org.testng.reporters.JUnitReportReporter -->
<testsuite hostname="EPINHYDW0D30" failures="0" tests="5" name="uiAutomation.TestOrangeHrmUsingSelenium" time="40.798" errors="1" timestamp="2022-03-09T23:01:25 IST" skipped="0">
  <testcase classname="uiAutomation.TestOrangeHrmUsingSelenium" name="testLoginPage" time="8.509"/>
  <system-out/>
  <testcase classname="uiAutomation.TestOrangeHrmUsingSelenium" name="testDashboardPage" time="5.270"/>
  <system-out/>
  <testcase classname="uiAutomation.TestOrangeHrmUsingSelenium" name="testAttendanceSheetPage" time="5.175"/>
  <system-out/>
  <testcase classname="uiAutomation.TestOrangeHrmUsingSelenium" name="testPunchInAndOutPage" time="20.703"/>
  <system-out/>
  <testcase classname="uiAutomation.TestOrangeHrmUsingSelenium" name="testOverlappingMessage" time="1.141">
    <error message="element click intercepted: Element &lt;input materializecss-input=&quot;&quot; id=&quot;time&quot; sf-changed=&quot;form&quot; type=&quot;text&quot; placeholder=&quot;HH:MM&quot; ng-disabled=&quot;form.readonly&quot; schema-validate=&quot;form&quot; ng-model=&quot;model[&#039;time&#039;]&quot; ng-model-options=&quot;form.ngModelOptions&quot; ohrm-make-element-non-pristine=&quot;form.removePristine&quot; ng-attr-autocomplete=&quot;{{form.autocompleteOff}}&quot; class=&quot;ng-touched ng-dirty ng-valid-punch-out-time ng-valid-overlapping-records ng-not-empty ng-valid-parse ng-valid-required-for-dirty ng-valid-time-format ng-valid-schema-form ng-pending&quot; style=&quot;&quot;&gt; is not clickable at point (726, 205). Other element would receive the click: &lt;div id=&quot;preloader&quot; class=&quot;center-align loading&quot;&gt;...&lt;/div&gt;
  (Session info: chrome=99.0.4844.51)
Build info: version: &#039;4.1.2&#039;, revision: &#039;9a5a329c5a&#039;
System info: host: &#039;EPINHYDW0D30&#039;, ip: &#039;192.168.8.111&#039;, os.name: &#039;Windows 10&#039;, os.arch: &#039;amd64&#039;, os.version: &#039;10.0&#039;, java.version: &#039;17.0.1&#039;
Driver info: org.openqa.selenium.chrome.ChromeDriver
Command: [01a6fcf5046ce2c224617317037f1223, clickElement {id=7e4c64ea-4348-49f5-9e39-f5392224ea35}]
Capabilities {acceptInsecureCerts: false, browserName: chrome, browserVersion: 99.0.4844.51, chrome: {chromedriverVersion: 98.0.4758.48 (d869ab3eda606..., userDataDir: C:\Users\RAHUL_~1\AppData\L...}, goog:chromeOptions: {debuggerAddress: localhost:50454}, javascriptEnabled: true, networkConnectionEnabled: false, pageLoadStrategy: normal, platform: WINDOWS, platformName: WINDOWS, proxy: Proxy(), se:cdp: ws://localhost:50454/devtoo..., se:cdpVersion: 99.0.4844.51, setWindowRect: true, strictFileInteractability: false, timeouts: {implicit: 0, pageLoad: 300000, script: 30000}, unhandledPromptBehavior: dismiss and notify, webauthn:extension:credBlob: true, webauthn:extension:largeBlob: true, webauthn:virtualAuthenticators: true}
Element: [[ChromeDriver: chrome on WINDOWS (01a6fcf5046ce2c224617317037f1223)] -&gt; xpath: //input[@id=&#039;time&#039;]]
Session ID: 01a6fcf5046ce2c224617317037f1223" type="org.openqa.selenium.ElementClickInterceptedException">
      <![CDATA[org.openqa.selenium.ElementClickInterceptedException: element click intercepted: Element <input materializecss-input="" id="time" sf-changed="form" type="text" placeholder="HH:MM" ng-disabled="form.readonly" schema-validate="form" ng-model="model['time']" ng-model-options="form.ngModelOptions" ohrm-make-element-non-pristine="form.removePristine" ng-attr-autocomplete="{{form.autocompleteOff}}" class="ng-touched ng-dirty ng-valid-punch-out-time ng-valid-overlapping-records ng-not-empty ng-valid-parse ng-valid-required-for-dirty ng-valid-time-format ng-valid-schema-form ng-pending" style=""> is not clickable at point (726, 205). Other element would receive the click: <div id="preloader" class="center-align loading">...</div>
  (Session info: chrome=99.0.4844.51)
Build info: version: '4.1.2', revision: '9a5a329c5a'
System info: host: 'EPINHYDW0D30', ip: '192.168.8.111', os.name: 'Windows 10', os.arch: 'amd64', os.version: '10.0', java.version: '17.0.1'
Driver info: org.openqa.selenium.chrome.ChromeDriver
Command: [01a6fcf5046ce2c224617317037f1223, clickElement {id=7e4c64ea-4348-49f5-9e39-f5392224ea35}]
Capabilities {acceptInsecureCerts: false, browserName: chrome, browserVersion: 99.0.4844.51, chrome: {chromedriverVersion: 98.0.4758.48 (d869ab3eda606..., userDataDir: C:\Users\RAHUL_~1\AppData\L...}, goog:chromeOptions: {debuggerAddress: localhost:50454}, javascriptEnabled: true, networkConnectionEnabled: false, pageLoadStrategy: normal, platform: WINDOWS, platformName: WINDOWS, proxy: Proxy(), se:cdp: ws://localhost:50454/devtoo..., se:cdpVersion: 99.0.4844.51, setWindowRect: true, strictFileInteractability: false, timeouts: {implicit: 0, pageLoad: 300000, script: 30000}, unhandledPromptBehavior: dismiss and notify, webauthn:extension:credBlob: true, webauthn:extension:largeBlob: true, webauthn:virtualAuthenticators: true}
Element: [[ChromeDriver: chrome on WINDOWS (01a6fcf5046ce2c224617317037f1223)] -> xpath: //input[@id='time']]
Session ID: 01a6fcf5046ce2c224617317037f1223
at java.base/jdk.internal.reflect.NativeConstructorAccessorImpl.newInstance0(Native Method)
at java.base/jdk.internal.reflect.NativeConstructorAccessorImpl.newInstance(NativeConstructorAccessorImpl.java:77)
at java.base/jdk.internal.reflect.DelegatingConstructorAccessorImpl.newInstance(DelegatingConstructorAccessorImpl.java:45)
at java.base/java.lang.reflect.Constructor.newInstanceWithCaller(Constructor.java:499)
at java.base/java.lang.reflect.Constructor.newInstance(Constructor.java:480)
at org.openqa.selenium.remote.codec.w3c.W3CHttpResponseCodec.createException(W3CHttpResponseCodec.java:200)
at org.openqa.selenium.remote.codec.w3c.W3CHttpResponseCodec.decode(W3CHttpResponseCodec.java:133)
at org.openqa.selenium.remote.codec.w3c.W3CHttpResponseCodec.decode(W3CHttpResponseCodec.java:53)
at org.openqa.selenium.remote.HttpCommandExecutor.execute(HttpCommandExecutor.java:184)
at org.openqa.selenium.remote.service.DriverCommandExecutor.invokeExecute(DriverCommandExecutor.java:167)
at org.openqa.selenium.remote.service.DriverCommandExecutor.execute(DriverCommandExecutor.java:142)
at org.openqa.selenium.remote.RemoteWebDriver.execute(RemoteWebDriver.java:558)
at org.openqa.selenium.remote.RemoteWebElement.execute(RemoteWebElement.java:251)
at org.openqa.selenium.remote.RemoteWebElement.click(RemoteWebElement.java:77)
at java.base/jdk.internal.reflect.NativeMethodAccessorImpl.invoke0(Native Method)
at java.base/jdk.internal.reflect.NativeMethodAccessorImpl.invoke(NativeMethodAccessorImpl.java:77)
at java.base/jdk.internal.reflect.DelegatingMethodAccessorImpl.invoke(DelegatingMethodAccessorImpl.java:43)
at java.base/java.lang.reflect.Method.invoke(Method.java:568)
at org.openqa.selenium.support.pagefactory.internal.LocatingElementHandler.invoke(LocatingElementHandler.java:52)
at jdk.proxy2/jdk.proxy2.$Proxy15.click(Unknown Source)
at uiAutromation.pages.PunchInAndOut.overlappingMessageVerification(PunchInAndOut.java:80)
at uiAutomation.TestOrangeHrmUsingSelenium.testOverlappingMessage(TestOrangeHrmUsingSelenium.java:98)
at java.base/jdk.internal.reflect.NativeMethodAccessorImpl.invoke0(Native Method)
at java.base/jdk.internal.reflect.NativeMethodAccessorImpl.invoke(NativeMethodAccessorImpl.java:77)
at java.base/jdk.internal.reflect.DelegatingMethodAccessorImpl.invoke(DelegatingMethodAccessorImpl.java:43)
at java.base/java.lang.reflect.Method.invoke(Method.java:568)
at org.testng.internal.invokers.MethodInvocationHelper.invokeMethod(MethodInvocationHelper.java:135)
at org.testng.internal.invokers.TestInvoker.invokeMethod(TestInvoker.java:673)
at org.testng.internal.invokers.TestInvoker.invokeTestMethod(TestInvoker.java:220)
at org.testng.internal.invokers.MethodRunner.runInSequence(MethodRunner.java:50)
at org.testng.internal.invokers.TestInvoker$MethodInvocationAgent.invoke(TestInvoker.java:945)
at org.testng.internal.invokers.TestInvoker.invokeTestMethods(TestInvoker.java:193)
at org.testng.internal.invokers.TestMethodWorker.invokeTestMethods(TestMethodWorker.java:146)
at org.testng.internal.invokers.TestMethodWorker.run(TestMethodWorker.java:128)
at java.base/java.util.ArrayList.forEach(ArrayList.java:1511)
at org.testng.TestRunner.privateRun(TestRunner.java:808)
at org.testng.TestRunner.run(TestRunner.java:603)
at org.testng.SuiteRunner.runTest(SuiteRunner.java:429)
at org.testng.SuiteRunner.runSequentially(SuiteRunner.java:423)
at org.testng.SuiteRunner.privateRun(SuiteRunner.java:383)
at org.testng.SuiteRunner.run(SuiteRunner.java:326)
at org.testng.SuiteRunnerWorker.runSuite(SuiteRunnerWorker.java:52)
at org.testng.SuiteRunnerWorker.run(SuiteRunnerWorker.java:95)
at org.testng.TestNG.runSuitesSequentially(TestNG.java:1249)
at org.testng.TestNG.runSuitesLocally(TestNG.java:1169)
at org.testng.TestNG.runSuites(TestNG.java:1092)
at org.testng.TestNG.run(TestNG.java:1060)
at org.testng.remote.AbstractRemoteTestNG.run(AbstractRemoteTestNG.java:115)
at org.testng.remote.RemoteTestNG.initAndRun(RemoteTestNG.java:251)
at org.testng.remote.RemoteTestNG.main(RemoteTestNG.java:77)
]]>
    </error>
  </testcase> <!-- testOverlappingMessage -->
  <system-out/>
</testsuite> <!-- uiAutomation.TestOrangeHrmUsingSelenium -->
